build/app/intermediates/manifest_merge_blame_file/debug/manifest-merger-blame-debug-report.txt
1<?xml version="1.0" encoding="utf-8"?>
2<manifest xmlns:android="http://schemas.android.com/apk/res/android"
3    package="sg2001.loginapp"
4    android:versionCode="1"
5    android:versionName="1.0.0" >
6
7    <uses-sdk
8        android:minSdkVersion="21"
9        android:targetSdkVersion="28" />
10    <!--
11         Flutter needs it to communicate with the running application
12         to allow setting breakpoints, to provide hot reload, etc.
13    -->
14    <uses-permission android:name="android.permission.INTERNET" />
14-->src\main\AndroidManifest.xml:8:5-67
14-->src\main\AndroidManifest.xml:8:22-64
15    <uses-permission android:name="android.permission.ACCESS_FINE_LOCATION" />
15-->[:geolocator] AndroidManifest.xml:7:5-79
15-->[:geolocator] AndroidManifest.xml:7:22-76
16    <uses-permission android:name="android.permission.READ_EXTERNAL_STORAGE" />
16-->[:image_picker] AndroidManifest.xml:7:5-80
16-->[:image_picker] AndroidManifest.xml:7:22-77
17    <uses-permission android:name="android.permission.WRITE_EXTERNAL_STORAGE" />
17-->[:image_picker] AndroidManifest.xml:8:5-81
17-->[:image_picker] AndroidManifest.xml:8:22-78
18    <uses-permission android:name="android.permission.ACCESS_NETWORK_STATE" />
18-->[:connectivity] AndroidManifest.xml:7:5-79
18-->[:connectivity] AndroidManifest.xml:7:22-76
19    <uses-permission android:name="android.permission.ACCESS_WIFI_STATE" />
19-->[:connectivity] AndroidManifest.xml:8:5-76
19-->[:connectivity] AndroidManifest.xml:8:22-73
20    <uses-permission android:name="android.permission.ACCESS_COARSE_LOCATION" />
20-->[:location] AndroidManifest.xml:7:5-81
20-->[:location] AndroidManifest.xml:7:22-78
21
22    <uses-feature
22-->[com.google.android.gms:play-services-maps:17.0.0] AndroidManifest.xml:26:5-28:35
23        android:glEsVersion="0x00020000"
23-->[com.google.android.gms:play-services-maps:17.0.0] AndroidManifest.xml:27:9-41
24        android:required="true" />
24-->[com.google.android.gms:play-services-maps:17.0.0] AndroidManifest.xml:28:9-32
25
26    <application
26-->src\main\AndroidManifest.xml:9:5-53:19
27        android:name="io.flutter.app.FlutterApplication"
27-->src\main\AndroidManifest.xml:10:9-57
28        android:appComponentFactory="androidx.core.app.CoreComponentFactory"
28-->[androidx.core:core:1.2.0] AndroidManifest.xml:24:18-86
29        android:debuggable="true"
30        android:icon="@mipmap/ic_launcher"
30-->src\main\AndroidManifest.xml:12:9-43
31        android:label="loginapp" >
31-->src\main\AndroidManifest.xml:11:9-33
32        <activity
32-->src\main\AndroidManifest.xml:13:9-41:20
33            android:name="sg2001.loginapp.MainActivity"
33-->src\main\AndroidManifest.xml:14:13-41
34            android:configChanges="orientation|keyboardHidden|keyboard|screenSize|smallestScreenSize|locale|layoutDirection|fontScale|screenLayout|density|uiMode"
34-->src\main\AndroidManifest.xml:17:13-163
35            android:hardwareAccelerated="true"
35-->src\main\AndroidManifest.xml:18:13-47
36            android:launchMode="singleTop"
36-->src\main\AndroidManifest.xml:15:13-43
37            android:theme="@style/LaunchTheme"
37-->src\main\AndroidManifest.xml:16:13-47
38            android:windowSoftInputMode="adjustResize" >
38-->src\main\AndroidManifest.xml:19:13-55
39
40            <!--
41                 Specifies an Android theme to apply to this Activity as soon as
42                 the Android process has started. This theme is visible to the user
43                 while the Flutter UI initializes. After that, this theme continues
44                 to determine the Window background behind the Flutter UI.
45            -->
46            <meta-data
46-->src\main\AndroidManifest.xml:24:13-27:17
47                android:name="io.flutter.embedding.android.NormalTheme"
47-->src\main\AndroidManifest.xml:25:15-70
48                android:resource="@style/NormalTheme" />
48-->src\main\AndroidManifest.xml:26:15-52
49            <!--
50                 Displays an Android View that continues showing the launch screen
51                 Drawable until Flutter paints its first frame, then this splash
52                 screen fades out. A splash screen is useful to avoid any visual
53                 gap between the end of Android's launch screen and the painting of
54                 Flutter's first frame.
55            -->
56            <meta-data
56-->src\main\AndroidManifest.xml:33:13-36:17
57                android:name="io.flutter.embedding.android.SplashScreenDrawable"
57-->src\main\AndroidManifest.xml:34:15-79
58                android:resource="@drawable/launch_background" />
58-->src\main\AndroidManifest.xml:35:15-61
59
60            <intent-filter>
60-->src\main\AndroidManifest.xml:37:13-40:29
61                <action android:name="android.intent.action.MAIN" />
61-->src\main\AndroidManifest.xml:38:17-68
61-->src\main\AndroidManifest.xml:38:25-66
62
63                <category android:name="android.intent.category.LAUNCHER" />
63-->src\main\AndroidManifest.xml:39:17-76
63-->src\main\AndroidManifest.xml:39:27-74
64            </intent-filter>
65        </activity>
66        <activity
66-->src\main\AndroidManifest.xml:42:9-45:71
67            android:name="com.yalantis.ucrop.UCropActivity"
67-->src\main\AndroidManifest.xml:43:13-60
68            android:screenOrientation="portrait"
68-->src\main\AndroidManifest.xml:44:13-49
69            android:theme="@style/Theme.AppCompat.Light.NoActionBar" />
69-->src\main\AndroidManifest.xml:45:13-69
70e
71        <!--
72             Don't delete the meta-data below.
73             This is used by the Flutter tool to generate GeneratedPluginRegistrant.java
74        -->
75        <meta-data
75-->src\main\AndroidManifest.xml:48:9-50:33
76            android:name="flutterEmbedding"
76-->src\main\AndroidManifest.xml:49:13-44
77            android:value="2" />
77-->src\main\AndroidManifest.xml:50:13-30
78        <meta-data
78-->src\main\AndroidManifest.xml:51:9-52:71
79            android:name="com.google.android.geo.API_KEY"
79-->src\main\AndroidManifest.xml:51:20-65
80            android:value="AIzaSyBeJDvbsbeXKs7SrX9iGr04YSlYz1BwlMw" />
80-->src\main\AndroidManifest.xml:52:13-68
81
82        <provider
82-->[:image_picker] AndroidManifest.xml:11:9-19:20
83            android:name="io.flutter.plugins.imagepicker.ImagePickerFileProvider"
83-->[:image_picker] AndroidManifest.xml:12:13-82
84            android:authorities="sg2001.loginapp.flutter.image_provider"
84-->[:image_picker] AndroidManifest.xml:13:13-74
85            android:exported="false"
85-->[:image_picker] AndroidManifest.xml:14:13-37
86            android:grantUriPermissions="true" >
86-->[:image_picker] AndroidManifest.xml:15:13-47
87            <meta-data
87-->[:image_picker] AndroidManifest.xml:16:13-18:75
88                android:name="android.support.FILE_PROVIDER_PATHS"
88-->[:image_picker] AndroidManifest.xml:17:17-67
89                android:resource="@xml/flutter_image_picker_file_paths" />
89-->[:image_picker] AndroidManifest.xml:18:17-72
90        </provider>
91
92        <activity
92-->[:razorpay_flutter] AndroidManifest.xml:8:9-11:20
93            android:name="com.razorpay.CheckoutActivity"
93-->[:razorpay_flutter] AndroidManifest.xml:9:13-57
94            android:configChanges="keyboard|keyboardHidden|orientation|screenSize"
94-->[com.razorpay:checkout:1.5.16] AndroidManifest.xml:20:13-83
95            android:label="Razorpay Checkout"
95-->[:razorpay_flutter] AndroidManifest.xml:10:13-46
96            android:theme="@style/CheckoutTheme" >
96-->[com.razorpay:checkout:1.5.16] AndroidManifest.xml:21:13-49
97            <intent-filter>
97-->[com.razorpay:checkout:1.5.16] AndroidManifest.xml:22:13-28:29
98                <action android:name="android.intent.action.MAIN" />
98-->src\main\AndroidManifest.xml:38:17-68
98-->src\main\AndroidManifest.xml:38:25-66
99
100                <data
100-->[com.razorpay:checkout:1.5.16] AndroidManifest.xml:25:17-27:47
101                    android:host="rzp.io"
101-->[com.razorpay:checkout:1.5.16] AndroidManifest.xml:26:21-42
102                    android:scheme="io.rzp" />
102-->[com.razorpay:checkout:1.5.16] AndroidManifest.xml:27:21-44
103            </intent-filter>
104        </activity>
105        <activity
105-->[com.google.android.gms:play-services-auth:17.0.0] AndroidManifest.xml:23:9-27:75
106            android:name="com.google.android.gms.auth.api.signin.internal.SignInHubActivity"
106-->[com.google.android.gms:play-services-auth:17.0.0] AndroidManifest.xml:24:13-93
107            android:excludeFromRecents="true"
107-->[com.google.android.gms:play-services-auth:17.0.0] AndroidManifest.xml:25:13-46
108            android:exported="false"
108-->[com.google.android.gms:play-services-auth:17.0.0] AndroidManifest.xml:26:13-37
109            android:theme="@android:style/Theme.Translucent.NoTitleBar" />
109-->[com.google.android.gms:play-services-auth:17.0.0] AndroidManifest.xml:27:13-72
110        <!--
111            Service handling Google Sign-In user revocation. For apps that do not integrate with
112            Google Sign-In, this service will never be started.
113        -->
114        <service
114-->[com.google.android.gms:play-services-auth:17.0.0] AndroidManifest.xml:33:9-36:110
115            android:name="com.google.android.gms.auth.api.signin.RevocationBoundService"
115-->[com.google.android.gms:play-services-auth:17.0.0] AndroidManifest.xml:34:13-89
116            android:exported="true"
116-->[com.google.android.gms:play-services-auth:17.0.0] AndroidManifest.xml:35:13-36
117            android:permission="com.google.android.gms.auth.api.signin.permission.REVOCATION_NOTIFICATION" /> <!-- Needs to be explicitly declared on P+ -->
117-->[com.google.android.gms:play-services-auth:17.0.0] AndroidManifest.xml:36:13-107
118        <uses-library
118-->[com.google.android.gms:play-services-maps:17.0.0] AndroidManifest.xml:33:9-35:40
119            android:name="org.apache.http.legacy"
119-->[com.google.android.gms:play-services-maps:17.0.0] AndroidManifest.xml:34:13-50
120            android:required="false" />
120-->[com.google.android.gms:play-services-maps:17.0.0] AndroidManifest.xml:35:13-37
121
122        <activity
122-->[com.google.android.gms:play-services-base:17.2.1] AndroidManifest.xml:23:9-26:75
123            android:name="com.google.android.gms.common.api.GoogleApiActivity"
123-->[com.google.android.gms:play-services-base:17.2.1] AndroidManifest.xml:24:13-79
124            android:exported="false"
124-->[com.google.android.gms:play-services-base:17.2.1] AndroidManifest.xml:25:13-37
125            android:theme="@android:style/Theme.Translucent.NoTitleBar" />
125-->[com.google.android.gms:play-services-base:17.2.1] AndroidManifest.xml:26:13-72
126
127        <meta-data
127-->[com.google.android.gms:play-services-basement:17.2.1] AndroidManifest.xml:23:9-25:69
128            android:name="com.google.android.gms.version"
128-->[com.google.android.gms:play-services-basement:17.2.1] AndroidManifest.xml:24:13-58
129            android:value="@integer/google_play_services_version" />
129-->[com.google.android.gms:play-services-basement:17.2.1] AndroidManifest.xml:25:13-66
130
131        <receiver android:name="com.razorpay.RzpTokenReceiver" >
131-->[com.razorpay:checkout:1.5.16] AndroidManifest.xml:12:9-16:20
131-->[com.razorpay:checkout:1.5.16] AndroidManifest.xml:12:19-63
132            <intent-filter>
132-->[com.razorpay:checkout:1.5.16] AndroidManifest.xml:13:13-15:29
133                <action android:name="rzp.device_token.share" />
133-->[com.razorpay:checkout:1.5.16] AndroidManifest.xml:14:17-65
133-->[com.razorpay:checkout:1.5.16] AndroidManifest.xml:14:25-62
134            </intent-filter>
135        </receiver>
136    </application>
137
138</manifest>